2026-04-10 18:47:02,438 INFO: LogicLens startup [in /Users/admin/Desktop/Flask_3/app.py:47]
2026-04-10 18:51:53,088 INFO: LogicLens startup [in /Users/admin/Desktop/Flask_3/app.py:47]
2026-04-10 19:16:59,472 INFO: LogicLens startup [in /Users/admin/Desktop/Flask_3/app.py:47]
2026-04-10 19:17:06,256 ERROR: Exception on /dashboard [GET] [in /Users/admin/Desktop/Flask_3/env/lib/python3.13/site-packages/flask/app.py:875]
Traceback (most recent call last):
  File "/Users/admin/Desktop/Flask_3/env/lib/python3.13/site-packages/flask/app.py", line 1511, in wsgi_app
    response = self.full_dispatch_request()
  File "/Users/admin/Desktop/Flask_3/env/lib/python3.13/site-packages/flask/app.py", line 919, in full_dispatch_request
    rv = self.handle_user_exception(e)
  File "/Users/admin/Desktop/Flask_3/env/lib/python3.13/site-packages/flask/app.py", line 917, in full_dispatch_request
    rv = self.dispatch_request()
  File "/Users/admin/Desktop/Flask_3/env/lib/python3.13/site-packages/flask/app.py", line 902, in dispatch_request
    return self.ensure_sync(self.view_functions[rule.endpoint])(**view_args)  # type: ignore[no-any-return]
           ~~~~~~~~~~~~~~~~~~~~~~~~~~~~~~~~~~~~~~~~~~~~~~~~~~~~^^^^^^^^^^^^^
  File "/Users/admin/Desktop/Flask_3/app.py", line 358, in dashboard
    return render_template('dashboard.html',
                   name=session.get("user_name"),
    ...<5 lines>...
                   total_solved=total_solved
                   )
  File "/Users/admin/Desktop/Flask_3/env/lib/python3.13/site-packages/flask/templating.py", line 150, in render_template
    return _render(app, template, context)
  File "/Users/admin/Desktop/Flask_3/env/lib/python3.13/site-packages/flask/templating.py", line 131, in _render
    rv = template.render(context)
  File "/Users/admin/Desktop/Flask_3/env/lib/python3.13/site-packages/jinja2/environment.py", line 1295, in render
    self.environment.handle_exception()
    ~~~~~~~~~~~~~~~~~~~~~~~~~~~~~~~~~^^
  File "/Users/admin/Desktop/Flask_3/env/lib/python3.13/site-packages/jinja2/environment.py", line 942, in handle_exception
    raise rewrite_traceback_stack(source=source)
  File "/Users/admin/Desktop/Flask_3/templates/dashboard.html", line 52, in top-level template code
    <a href="{{ url_for('aboutus') }}"
    
  File "/Users/admin/Desktop/Flask_3/env/lib/python3.13/site-packages/flask/app.py", line 1121, in url_for
    return self.handle_url_build_error(error, endpoint, values)
           ~~~~~~~~~~~~~~~~~~~~~~~~~~~^^^^^^^^^^^^^^^^^^^^^^^^^
  File "/Users/admin/Desktop/Flask_3/env/lib/python3.13/site-packages/flask/app.py", line 1110, in url_for
    rv = url_adapter.build(  # type: ignore[union-attr]
        endpoint,
    ...<3 lines>...
        force_external=_external,
    )
  File "/Users/admin/Desktop/Flask_3/env/lib/python3.13/site-packages/werkzeug/routing/map.py", line 924, in build
    raise BuildError(endpoint, values, method, self)
werkzeug.routing.exceptions.BuildError: Could not build url for endpoint 'aboutus'. Did you mean 'logout' instead?
2026-04-10 19:18:39,350 INFO: LogicLens startup [in /Users/admin/Desktop/Flask_3/app.py:47]
2026-04-10 19:18:51,532 ERROR: Exception on /about [GET] [in /Users/admin/Desktop/Flask_3/env/lib/python3.13/site-packages/flask/app.py:875]
Traceback (most recent call last):
  File "/Users/admin/Desktop/Flask_3/env/lib/python3.13/site-packages/flask/app.py", line 1511, in wsgi_app
    response = self.full_dispatch_request()
  File "/Users/admin/Desktop/Flask_3/env/lib/python3.13/site-packages/flask/app.py", line 919, in full_dispatch_request
    rv = self.handle_user_exception(e)
  File "/Users/admin/Desktop/Flask_3/env/lib/python3.13/site-packages/flask/app.py", line 917, in full_dispatch_request
    rv = self.dispatch_request()
  File "/Users/admin/Desktop/Flask_3/env/lib/python3.13/site-packages/flask/app.py", line 902, in dispatch_request
    return self.ensure_sync(self.view_functions[rule.endpoint])(**view_args)  # type: ignore[no-any-return]
           ~~~~~~~~~~~~~~~~~~~~~~~~~~~~~~~~~~~~~~~~~~~~~~~~~~~~^^^^^^^^^^^^^
  File "/Users/admin/Desktop/Flask_3/app.py", line 1440, in aboutus
    return render_template('about.html')
  File "/Users/admin/Desktop/Flask_3/env/lib/python3.13/site-packages/flask/templating.py", line 149, in render_template
    template = app.jinja_env.get_or_select_template(template_name_or_list)
  File "/Users/admin/Desktop/Flask_3/env/lib/python3.13/site-packages/jinja2/environment.py", line 1087, in get_or_select_template
    return self.get_template(template_name_or_list, parent, globals)
           ~~~~~~~~~~~~~~~~~^^^^^^^^^^^^^^^^^^^^^^^^^^^^^^^^^^^^^^^^
  File "/Users/admin/Desktop/Flask_3/env/lib/python3.13/site-packages/jinja2/environment.py", line 1016, in get_template
    return self._load_template(name, globals)
           ~~~~~~~~~~~~~~~~~~~^^^^^^^^^^^^^^^
  File "/Users/admin/Desktop/Flask_3/env/lib/python3.13/site-packages/jinja2/environment.py", line 975, in _load_template
    template = self.loader.load(self, name, self.make_globals(globals))
  File "/Users/admin/Desktop/Flask_3/env/lib/python3.13/site-packages/jinja2/loaders.py", line 126, in load
    source, filename, uptodate = self.get_source(environment, name)
                                 ~~~~~~~~~~~~~~~^^^^^^^^^^^^^^^^^^^
  File "/Users/admin/Desktop/Flask_3/env/lib/python3.13/site-packages/flask/templating.py", line 65, in get_source
    return self._get_source_fast(environment, template)
           ~~~~~~~~~~~~~~~~~~~~~^^^^^^^^^^^^^^^^^^^^^^^
  File "/Users/admin/Desktop/Flask_3/env/lib/python3.13/site-packages/flask/templating.py", line 99, in _get_source_fast
    raise TemplateNotFound(template)
jinja2.exceptions.TemplateNotFound: about.html
2026-04-10 19:19:17,262 INFO: LogicLens startup [in /Users/admin/Desktop/Flask_3/app.py:47]
2026-04-10 19:21:28,561 INFO: LogicLens startup [in /Users/admin/Desktop/Flask_3/app.py:47]
2026-04-10 19:23:08,933 INFO: LogicLens startup [in /Users/admin/Desktop/Flask_3/app.py:47]
2026-04-10 19:47:29,344 INFO: LogicLens startup [in /Users/admin/Desktop/Flask_3/app.py:47]
2026-04-10 19:49:56,261 INFO: LogicLens startup [in /Users/admin/Desktop/Flask_3/app.py:47]
2026-04-10 19:50:50,823 INFO: LogicLens startup [in /Users/admin/Desktop/Flask_3/app.py:47]
2026-04-10 19:56:04,075 INFO: LogicLens startup [in /Users/admin/Desktop/Flask_3/app.py:47]
2026-04-10 19:56:50,637 INFO: LogicLens startup [in /Users/admin/Desktop/Flask_3/app.py:47]
2026-04-10 19:58:58,292 INFO: LogicLens startup [in /Users/admin/Desktop/Flask_3/app.py:47]
2026-04-10 20:00:33,032 INFO: LogicLens startup [in /Users/admin/Desktop/Flask_3/app.py:47]
2026-04-10 20:00:34,798 INFO: LogicLens startup [in /Users/admin/Desktop/Flask_3/app.py:47]
2026-04-10 23:35:21,516 INFO: LogicLens startup [in /Users/admin/Desktop/Flask_3/app.py:47]
2026-04-10 23:35:23,296 INFO: LogicLens startup [in /Users/admin/Desktop/Flask_3/app.py:47]
2026-04-11 00:11:15,183 INFO: LogicLens startup [in /Users/admin/Desktop/Flask_3/app.py:47]
